#
# There is insufficient memory for the Java Runtime Environment to continue.
# Native memory allocation (mmap) failed to map 170917888 bytes for committing reserved memory.
# Possible reasons:
#   The system is out of physical RAM or swap space
#   In 32 bit mode, the process size limit was hit
# Possible solutions:
#   Reduce memory load on the system
#   Increase physical memory or swap space
#   Check if swap backing store is full
#   Use 64 bit Java on a 64 bit OS
#   Decrease Java heap size (-Xmx/-Xms)
#   Decrease number of Java threads
#   Decrease Java thread stack sizes (-Xss)
#   Set larger code cache with -XX:ReservedCodeCacheSize=
# This output file may be truncated or incomplete.
#
#  Out of Memory Error (os_linux.cpp:2640), pid=14906, tid=0x00007fc2264b2700
#
# JRE version: OpenJDK Runtime Environment (8.0_152-b01) (build 1.8.0_152-release-915-b01)
# Java VM: OpenJDK 64-Bit Server VM (25.152-b01 mixed mode linux-amd64 compressed oops)
# Failed to write core dump. Core dumps have been disabled. To enable core dumping, try "ulimit -c unlimited" before starting Java again
#

---------------  T H R E A D  ---------------

Current thread (0x00007fc238078800):  VMThread [stack: 0x00007fc2263b2000,0x00007fc2264b3000] [id=14938]

Stack: [0x00007fc2263b2000,0x00007fc2264b3000],  sp=0x00007fc2264b14c0,  free space=1021k
Native frames: (J=compiled Java code, j=interpreted, Vv=VM code, C=native code)
V  [libjvm.so+0x9eb15d]  VMError::report_and_die()+0x15d
V  [libjvm.so+0x4b8eaa]  report_vm_out_of_memory(char const*, int, unsigned long, VMErrorType, char const*)+0x8a
V  [libjvm.so+0x851370]  os::pd_commit_memory(char*, unsigned long, unsigned long, bool)+0xf0
V  [libjvm.so+0x84be8f]  os::commit_memory(char*, unsigned long, unsigned long, bool)+0x1f
V  [libjvm.so+0x8c261b]  PSVirtualSpace::expand_by(unsigned long)+0x5b
V  [libjvm.so+0x8c3290]  PSYoungGen::resize_generation(unsigned long, unsigned long)+0xb0
V  [libjvm.so+0x8c35ab]  PSYoungGen::resize(unsigned long, unsigned long)+0x1b
V  [libjvm.so+0x8bfc9c]  PSScavenge::invoke_no_policy()+0xdac
V  [libjvm.so+0x8c0478]  PSScavenge::invoke()+0x38
V  [libjvm.so+0x8748f3]  ParallelScavengeHeap::failed_mem_allocate(unsigned long)+0x63
V  [libjvm.so+0x9ecc84]  VM_ParallelGCFailedAllocation::doit()+0x84
V  [libjvm.so+0x9f1197]  VM_Operation::evaluate()+0x47
V  [libjvm.so+0x9efb78]  VMThread::evaluate_operation(VM_Operation*)+0x2c8
V  [libjvm.so+0x9efff9]  VMThread::loop()+0x219
V  [libjvm.so+0x9f0442]  VMThread::run()+0x72
V  [libjvm.so+0x84e792]  java_start(Thread*)+0xf2

VM_Operation (0x00007fc2258c4c30): ParallelGCFailedAllocation, mode: safepoint, requested by thread 0x00007fc238161000


---------------  P R O C E S S  ---------------

Java Threads: ( => current thread )
  0x00007fc238167800 JavaThread "pool-1-thread-4" [_thread_blocked, id=14979, stack(0x00007fc2253c2000,0x00007fc2254c3000)]
  0x00007fc238166000 JavaThread "pool-1-thread-3" [_thread_blocked, id=14978, stack(0x00007fc2254c3000,0x00007fc2255c4000)]
  0x00007fc238165000 JavaThread "pool-1-thread-2" [_thread_blocked, id=14977, stack(0x00007fc2255c4000,0x00007fc2256c5000)]
  0x00007fc238162800 JavaThread "pool-2-thread-1" [_thread_blocked, id=14975, stack(0x00007fc2256c5000,0x00007fc2257c6000)]
  0x00007fc238161000 JavaThread "pool-1-thread-1" [_thread_blocked, id=14974, stack(0x00007fc2257c6000,0x00007fc2258c7000)]
  0x00007fc2380c0800 JavaThread "Service Thread" daemon [_thread_blocked, id=14962, stack(0x00007fc2259d3000,0x00007fc225ad4000)]
  0x00007fc2380bd800 JavaThread "C1 CompilerThread2" daemon [_thread_blocked, id=14960, stack(0x00007fc225ad4000,0x00007fc225bd5000)]
  0x00007fc2380bc000 JavaThread "C2 CompilerThread1" daemon [_thread_blocked, id=14955, stack(0x00007fc225bd5000,0x00007fc225cd6000)]
  0x00007fc2380b9000 JavaThread "C2 CompilerThread0" daemon [_thread_blocked, id=14953, stack(0x00007fc225cd6000,0x00007fc225dd7000)]
  0x00007fc2380b7800 JavaThread "Signal Dispatcher" daemon [_thread_blocked, id=14952, stack(0x00007fc225dd7000,0x00007fc225ed8000)]
  0x00007fc238085000 JavaThread "Finalizer" daemon [_thread_blocked, id=14946, stack(0x00007fc2261b0000,0x00007fc2262b1000)]
  0x00007fc238080800 JavaThread "Reference Handler" daemon [_thread_blocked, id=14944, stack(0x00007fc2262b1000,0x00007fc2263b2000)]
  0x00007fc23800b000 JavaThread "main" [_thread_blocked, id=14921, stack(0x00007fc240991000,0x00007fc240a92000)]

Other Threads:
=>0x00007fc238078800 VMThread [stack: 0x00007fc2263b2000,0x00007fc2264b3000] [id=14938]
  0x00007fc2380c3000 WatcherThread [stack: 0x00007fc2258d2000,0x00007fc2259d3000] [id=14965]

VM state:at safepoint (normal execution)

VM Mutex/Monitor currently owned by a thread:  ([mutex/lock_event])
[0x00007fc238007670] Threads_lock - owner thread: 0x00007fc238078800
[0x00007fc238007b70] Heap_lock - owner thread: 0x00007fc238161000

Heap:
 PSYoungGen      total 132096K, used 5102K [0x00000000eab00000, 0x00000000f3100000, 0x0000000100000000)
  eden space 126976K, 0% used [0x00000000eab00000,0x00000000eab00000,0x00000000f2700000)
  from space 5120K, 99% used [0x00000000f2700000,0x00000000f2bfbb98,0x00000000f2c00000)
  to   space 5120K, 0% used [0x00000000f2c00000,0x00000000f2c00000,0x00000000f3100000)
 ParOldGen       total 84992K, used 40554K [0x00000000c0000000, 0x00000000c5300000, 0x00000000eab00000)
  object space 84992K, 47% used [0x00000000c0000000,0x00000000c279a868,0x00000000c5300000)
 Metaspace       used 6281K, capacity 7152K, committed 7296K, reserved 1056768K
  class space    used 593K, capacity 616K, committed 640K, reserved 1048576K

Card table byte_map: [0x00007fc23d627000,0x00007fc23d828000] byte_map_base: 0x00007fc23d027000

Marking Bits: (ParMarkBitMap*) 0x00007fc23fe6b3e0
 Begin Bits: [0x00007fc227000000, 0x00007fc228000000)
 End Bits:   [0x00007fc228000000, 0x00007fc229000000)

Polling page: 0x00007fc240abe000

CodeCache: size=245760Kb used=7374Kb max_used=7383Kb free=238386Kb
 bounds [0x00007fc229000000, 0x00007fc229740000, 0x00007fc238000000]
 total_blobs=2120 nmethods=1859 adapters=176
 compilation: enabled

Compilation events (10 events):
Event: 5.913 Thread 0x00007fc2380b9000 nmethod 2047 0x00007fc22970c510 code [0x00007fc22970c660, 0x00007fc22970c7f8]
Event: 5.913 Thread 0x00007fc2380b9000 1656       4       com.android.dx.ssa.MoveParamCombiner$1::visitNonMoveInsn (213 bytes)
Event: 5.916 Thread 0x00007fc2380bd800 2049       2       com.android.dx.cf.direct.DirectClassFile::makeTypeList (47 bytes)
Event: 5.916 Thread 0x00007fc2380bd800 nmethod 2049 0x00007fc22970bf90 code [0x00007fc22970c120, 0x00007fc22970c3d8]
Event: 5.916 Thread 0x00007fc2380bd800 2050   !   2       java.util.zip.ZipFile::releaseInflater (41 bytes)
Event: 5.917 Thread 0x00007fc2380bd800 nmethod 2050 0x00007fc22970b690 code [0x00007fc22970b820, 0x00007fc22970bd38]
Event: 5.917 Thread 0x00007fc2380bd800 2051       2       com.android.dx.util.ByteArray::<init> (9 bytes)
Event: 5.917 Thread 0x00007fc2380bd800 nmethod 2051 0x00007fc22970b2d0 code [0x00007fc22970b440, 0x00007fc22970b5c8]
Event: 5.930 Thread 0x00007fc2380bd800 2052   !   2       com.android.dx.dex.cf.CfTranslator::processMethods (583 bytes)
Event: 5.949 Thread 0x00007fc2380bd800 nmethod 2052 0x00007fc229705750 code [0x00007fc229705c00, 0x00007fc229707248]

GC Heap History (9 events):
Event: 1.877 GC heap before
{Heap before GC invocations=1 (full 0):
 PSYoungGen      total 36864K, used 31744K [0x00000000eab00000, 0x00000000ed400000, 0x0000000100000000)
  eden space 31744K, 100% used [0x00000000eab00000,0x00000000eca00000,0x00000000eca00000)
  from space 5120K, 0% used [0x00000000ecf00000,0x00000000ecf00000,0x00000000ed400000)
  to   space 5120K, 0% used [0x00000000eca00000,0x00000000eca00000,0x00000000ecf00000)
 ParOldGen       total 84992K, used 0K [0x00000000c0000000, 0x00000000c5300000, 0x00000000eab00000)
  object space 84992K, 0% used [0x00000000c0000000,0x00000000c0000000,0x00000000c5300000)
 Metaspace       used 5711K, capacity 6768K, committed 7040K, reserved 1056768K
  class space    used 574K, capacity 616K, committed 640K, reserved 1048576K
Event: 1.904 GC heap after
Heap after GC invocations=1 (full 0):
 PSYoungGen      total 36864K, used 5096K [0x00000000eab00000, 0x00000000ef300000, 0x0000000100000000)
  eden space 31744K, 0% used [0x00000000eab00000,0x00000000eab00000,0x00000000eca00000)
  from space 5120K, 99% used [0x00000000eca00000,0x00000000ecefa388,0x00000000ecf00000)
  to   space 5120K, 0% used [0x00000000eee00000,0x00000000eee00000,0x00000000ef300000)
 ParOldGen       total 84992K, used 1006K [0x00000000c0000000, 0x00000000c5300000, 0x00000000eab00000)
  object space 84992K, 1% used [0x00000000c0000000,0x00000000c00fb9a8,0x00000000c5300000)
 Metaspace       used 5711K, capacity 6768K, committed 7040K, reserved 1056768K
  class space    used 574K, capacity 616K, committed 640K, reserved 1048576K
}
Event: 3.184 GC heap before
{Heap before GC invocations=2 (full 0):
 PSYoungGen      total 36864K, used 36840K [0x00000000eab00000, 0x00000000ef300000, 0x0000000100000000)
  eden space 31744K, 100% used [0x00000000eab00000,0x00000000eca00000,0x00000000eca00000)
  from space 5120K, 99% used [0x00000000eca00000,0x00000000ecefa388,0x00000000ecf00000)
  to   space 5120K, 0% used [0x00000000eee00000,0x00000000eee00000,0x00000000ef300000)
 ParOldGen       total 84992K, used 1006K [0x00000000c0000000, 0x00000000c5300000, 0x00000000eab00000)
  object space 84992K, 1% used [0x00000000c0000000,0x00000000c00fb9a8,0x00000000c5300000)
 Metaspace       used 5873K, capacity 6960K, committed 7040K, reserved 1056768K
  class space    used 574K, capacity 616K, committed 640K, reserved 1048576K
Event: 3.244 GC heap after
Heap after GC invocations=2 (full 0):
 PSYoungGen      total 68608K, used 5100K [0x00000000eab00000, 0x00000000ef300000, 0x0000000100000000)
  eden space 63488K, 0% used [0x00000000eab00000,0x00000000eab00000,0x00000000ee900000)
  from space 5120K, 99% used [0x00000000eee00000,0x00000000ef2fb3b0,0x00000000ef300000)
  to   space 5120K, 0% used [0x00000000ee900000,0x00000000ee900000,0x00000000eee00000)
 ParOldGen       total 84992K, used 4428K [0x00000000c0000000, 0x00000000c5300000, 0x00000000eab00000)
  object space 84992K, 5% used [0x00000000c0000000,0x00000000c04531d8,0x00000000c5300000)
 Metaspace       used 5873K, capacity 6960K, committed 7040K, reserved 1056768K
  class space    used 574K, capacity 616K, committed 640K, reserved 1048576K
}
Event: 3.869 GC heap before
{Heap before GC invocations=3 (full 0):
 PSYoungGen      total 68608K, used 68588K [0x00000000eab00000, 0x00000000ef300000, 0x0000000100000000)
  eden space 63488K, 100% used [0x00000000eab00000,0x00000000ee900000,0x00000000ee900000)
  from space 5120K, 99% used [0x00000000eee00000,0x00000000ef2fb3b0,0x00000000ef300000)
  to   space 5120K, 0% used [0x00000000ee900000,0x00000000ee900000,0x00000000eee00000)
 ParOldGen       total 84992K, used 4428K [0x00000000c0000000, 0x00000000c5300000, 0x00000000eab00000)
  object space 84992K, 5% used [0x00000000c0000000,0x00000000c04531d8,0x00000000c5300000)
 Metaspace       used 5900K, capacity 6960K, committed 7040K, reserved 1056768K
  class space    used 575K, capacity 616K, committed 640K, reserved 1048576K
Event: 3.979 GC heap after
Heap after GC invocations=3 (full 0):
 PSYoungGen      total 68608K, used 5090K [0x00000000eab00000, 0x00000000f3100000, 0x0000000100000000)
  eden space 63488K, 0% used [0x00000000eab00000,0x00000000eab00000,0x00000000ee900000)
  from space 5120K, 99% used [0x00000000ee900000,0x00000000eedf8a40,0x00000000eee00000)
  to   space 5120K, 0% used [0x00000000f2c00000,0x00000000f2c00000,0x00000000f3100000)
 ParOldGen       total 84992K, used 13451K [0x00000000c0000000, 0x00000000c5300000, 0x00000000eab00000)
  object space 84992K, 15% used [0x00000000c0000000,0x00000000c0d22d00,0x00000000c5300000)
 Metaspace       used 5900K, capacity 6960K, committed 7040K, reserved 1056768K
  class space    used 575K, capacity 616K, committed 640K, reserved 1048576K
}
Event: 4.723 GC heap before
{Heap before GC invocations=4 (full 0):
 PSYoungGen      total 68608K, used 68578K [0x00000000eab00000, 0x00000000f3100000, 0x0000000100000000)
  eden space 63488K, 100% used [0x00000000eab00000,0x00000000ee900000,0x00000000ee900000)
  from space 5120K, 99% used [0x00000000ee900000,0x00000000eedf8a40,0x00000000eee00000)
  to   space 5120K, 0% used [0x00000000f2c00000,0x00000000f2c00000,0x00000000f3100000)
 ParOldGen       total 84992K, used 13451K [0x00000000c0000000, 0x00000000c5300000, 0x00000000eab00000)
  object space 84992K, 15% used [0x00000000c0000000,0x00000000c0d22d00,0x00000000c5300000)
 Metaspace       used 6057K, capacity 7088K, committed 7296K, reserved 1056768K
  class space    used 575K, capacity 616K, committed 640K, reserved 1048576K
Event: 4.782 GC heap after
Heap after GC invocations=4 (full 0):
 PSYoungGen      total 132096K, used 5108K [0x00000000eab00000, 0x00000000f3100000, 0x0000000100000000)
  eden space 126976K, 0% used [0x00000000eab00000,0x00000000eab00000,0x00000000f2700000)
  from space 5120K, 99% used [0x00000000f2c00000,0x00000000f30fd1d8,0x00000000f3100000)
  to   space 5120K, 0% used [0x00000000f2700000,0x00000000f2700000,0x00000000f2c00000)
 ParOldGen       total 84992K, used 23141K [0x00000000c0000000, 0x00000000c5300000, 0x00000000eab00000)
  object space 84992K, 27% used [0x00000000c0000000,0x00000000c16995d8,0x00000000c5300000)
 Metaspace       used 6057K, capacity 7088K, committed 7296K, reserved 1056768K
  class space    used 575K, capacity 616K, committed 640K, reserved 1048576K
}
Event: 5.970 GC heap before
{Heap before GC invocations=5 (full 0):
 PSYoungGen      total 132096K, used 132084K [0x00000000eab00000, 0x00000000f3100000, 0x0000000100000000)
  eden space 126976K, 100% used [0x00000000eab00000,0x00000000f2700000,0x00000000f2700000)
  from space 5120K, 99% used [0x00000000f2c00000,0x00000000f30fd1d8,0x00000000f3100000)
  to   space 5120K, 0% used [0x00000000f2700000,0x00000000f2700000,0x00000000f2c00000)
 ParOldGen       total 84992K, used 23141K [0x00000000c0000000, 0x00000000c5300000, 0x00000000eab00000)
  object space 84992K, 27% used [0x00000000c0000000,0x00000000c16995d8,0x00000000c5300000)
 Metaspace       used 6281K, capacity 7152K, committed 7296K, reserved 1056768K
  class space    used 593K, capacity 616K, committed 640K, reserved 1048576K

Deoptimization events (10 events):
Event: 4.656 Thread 0x00007fc238161000 Uncommon trap: reason=bimorphic action=maybe_recompile pc=0x00007fc2295bc138 method=com.android.dx.cf.code.BytecodeArray.parseInstruction(ILcom/android/dx/cf/code/BytecodeArray$Visitor;)I @ 939
Event: 4.669 Thread 0x00007fc238165000 Uncommon trap: reason=bimorphic action=maybe_recompile pc=0x00007fc2295bc138 method=com.android.dx.cf.code.BytecodeArray.parseInstruction(ILcom/android/dx/cf/code/BytecodeArray$Visitor;)I @ 939
Event: 4.669 Thread 0x00007fc238165000 Uncommon trap: reason=bimorphic action=maybe_recompile pc=0x00007fc2295bc138 method=com.android.dx.cf.code.BytecodeArray.parseInstruction(ILcom/android/dx/cf/code/BytecodeArray$Visitor;)I @ 939
Event: 4.785 Thread 0x00007fc238165000 Uncommon trap: reason=bimorphic action=maybe_recompile pc=0x00007fc2293bbec0 method=java.util.HashMap.putVal(ILjava/lang/Object;Ljava/lang/Object;ZZ)Ljava/lang/Object; @ 203
Event: 4.785 Thread 0x00007fc238165000 Uncommon trap: reason=bimorphic action=maybe_recompile pc=0x00007fc2293bbec0 method=java.util.HashMap.putVal(ILjava/lang/Object;Ljava/lang/Object;ZZ)Ljava/lang/Object; @ 203
Event: 4.788 Thread 0x00007fc238166000 Uncommon trap: reason=unstable_if action=reinterpret pc=0x00007fc2292a258c method=java.util.HashMap.putVal(ILjava/lang/Object;Ljava/lang/Object;ZZ)Ljava/lang/Object; @ 162
Event: 4.904 Thread 0x00007fc238165000 Uncommon trap: reason=unstable_if action=reinterpret pc=0x00007fc2293bb998 method=java.util.HashMap.putVal(ILjava/lang/Object;Ljava/lang/Object;ZZ)Ljava/lang/Object; @ 162
Event: 4.921 Thread 0x00007fc238165000 Uncommon trap: reason=unstable_if action=reinterpret pc=0x00007fc229652aa0 method=com.android.dx.ssa.SCCP.simulateStmt(Lcom/android/dx/ssa/SsaInsn;)V @ 59
Event: 5.726 Thread 0x00007fc238165000 Uncommon trap: reason=unstable_if action=reinterpret pc=0x00007fc22935fcc8 method=com.android.dx.dex.code.OutputFinisher.hasLocalInfo(Lcom/android/dx/dex/code/DalvInsn;)Z @ 24
Event: 5.906 Thread 0x00007fc238161000 Uncommon trap: reason=unstable_if action=reinterpret pc=0x00007fc2296409e8 method=com.android.dx.ssa.SCCP.simulateBranch(Lcom/android/dx/ssa/SsaInsn;)V @ 548

Classes redefined (0 events):
No events

Internal exceptions (6 events):
Event: 0.169 Thread 0x00007fc23800b000 Exception <a 'java/lang/NoSuchMethodError': Method sun.misc.Unsafe.defineClass(Ljava/lang/String;[BII)Ljava/lang/Class; name or signature does not match> (0x00000000eab07ca8) thrown at [/ssd/Android/AOSP-openjdk-git/jdk8u/hotspot/src/share/vm/prims/jni.cp
Event: 0.169 Thread 0x00007fc23800b000 Exception <a 'java/lang/NoSuchMethodError': Method sun.misc.Unsafe.prefetchRead(Ljava/lang/Object;J)V name or signature does not match> (0x00000000eab07f90) thrown at [/ssd/Android/AOSP-openjdk-git/jdk8u/hotspot/src/share/vm/prims/jni.cpp, line 4011]
Event: 3.133 Thread 0x00007fc238165000 Implicit null exception at 0x00007fc2292cc871 to 0x00007fc2292cedb5
Event: 4.847 Thread 0x00007fc238166000 Exception <a 'java/lang/ArrayIndexOutOfBoundsException': 18> (0x00000000ead9c798) thrown at [/ssd/Android/AOSP-openjdk-git/jdk8u/hotspot/src/share/vm/interpreter/interpreterRuntime.cpp, line 366]
Event: 4.847 Thread 0x00007fc238166000 Exception <a 'java/lang/ArrayIndexOutOfBoundsException': 145> (0x00000000ead9e318) thrown at [/ssd/Android/AOSP-openjdk-git/jdk8u/hotspot/src/share/vm/interpreter/interpreterRuntime.cpp, line 366]
Event: 4.903 Thread 0x00007fc238166000 Exception <a 'java/lang/ArrayIndexOutOfBoundsException'> (0x00000000ead9f600) thrown at [/ssd/Android/AOSP-openjdk-git/jdk8u/hotspot/src/share/vm/runtime/sharedRuntime.cpp, line 605]

Events (10 events):
Event: 5.889 Thread 0x00007fc23800b000 DEOPT PACKING pc=0x00007fc229561c41 sp=0x00007fc240a8fdd0
Event: 5.889 Thread 0x00007fc23800b000 DEOPT UNPACKING pc=0x00007fc229047373 sp=0x00007fc240a8fbb0 mode 0
Event: 5.894 Thread 0x00007fc23800b000 DEOPT PACKING pc=0x00007fc229566c82 sp=0x00007fc240a8fed0
Event: 5.894 Thread 0x00007fc23800b000 DEOPT UNPACKING pc=0x00007fc229047373 sp=0x00007fc240a8fd00 mode 0
Event: 5.906 Thread 0x00007fc238161000 Uncommon trap: trap_request=0xffffff65 fr.pc=0x00007fc2296409e8
Event: 5.906 Thread 0x00007fc238161000 DEOPT PACKING pc=0x00007fc2296409e8 sp=0x00007fc2258c4ef0
Event: 5.906 Thread 0x00007fc238161000 DEOPT UNPACKING pc=0x00007fc229004f69 sp=0x00007fc2258c4ef8 mode 2
Event: 5.914 Thread 0x00007fc23800b000 DEOPT PACKING pc=0x00007fc22947ee42 sp=0x00007fc240a8f940
Event: 5.914 Thread 0x00007fc23800b000 DEOPT UNPACKING pc=0x00007fc229047373 sp=0x00007fc240a8f680 mode 0
Event: 5.962 Executing VM operation: ParallelGCFailedAllocation


Dynamic libraries:
00400000-00401000 r-xp 00000000 08:05 3685346                            /home/priyanshu/AndroidStudio/AndroidStudio3.0/android-studio/jre/bin/java
00600000-00601000 r--p 00000000 08:05 3685346                            /home/priyanshu/AndroidStudio/AndroidStudio3.0/android-studio/jre/bin/java
00601000-00602000 rw-p 00001000 08:05 3685346                            /home/priyanshu/AndroidStudio/AndroidStudio3.0/android-studio/jre/bin/java
020a6000-020c7000 rw-p 00000000 00:00 0                                  [heap]
c0000000-c5300000 rw-p 00000000 00:00 0 
c5300000-eab00000 ---p 00000000 00:00 0 
eab00000-f3100000 rw-p 00000000 00:00 0 
fd400000-100000000 ---p 00000000 00:00 0 
100000000-1000a0000 rw-p 00000000 00:00 0 
1000a0000-140000000 ---p 00000000 00:00 0 
7fc1d8000000-7fc1d802d000 rw-p 00000000 00:00 0 
7fc1d802d000-7fc1dc000000 ---p 00000000 00:00 0 
7fc1e0000000-7fc1e0021000 rw-p 00000000 00:00 0 
7fc1e0021000-7fc1e4000000 ---p 00000000 00:00 0 
7fc1e4000000-7fc1e4041000 rw-p 00000000 00:00 0 
7fc1e4041000-7fc1e8000000 ---p 00000000 00:00 0 
7fc1e8000000-7fc1e8033000 rw-p 00000000 00:00 0 
7fc1e8033000-7fc1ec000000 ---p 00000000 00:00 0 
7fc1ec000000-7fc1ec021000 rw-p 00000000 00:00 0 
7fc1ec021000-7fc1f0000000 ---p 00000000 00:00 0 
7fc1f0000000-7fc1f0021000 rw-p 00000000 00:00 0 
7fc1f0021000-7fc1f4000000 ---p 00000000 00:00 0 
7fc1f4000000-7fc1f4021000 rw-p 00000000 00:00 0 
7fc1f4021000-7fc1f8000000 ---p 00000000 00:00 0 
7fc1f8000000-7fc1f8e34000 rw-p 00000000 00:00 0 
7fc1f8e34000-7fc1fc000000 ---p 00000000 00:00 0 
7fc1fc000000-7fc1fcb3c000 rw-p 00000000 00:00 0 
7fc1fcb3c000-7fc200000000 ---p 00000000 00:00 0 
7fc200000000-7fc200021000 rw-p 00000000 00:00 0 
7fc200021000-7fc204000000 ---p 00000000 00:00 0 
7fc204000000-7fc205090000 rw-p 00000000 00:00 0 
7fc205090000-7fc208000000 ---p 00000000 00:00 0 
7fc208000000-7fc208021000 rw-p 00000000 00:00 0 
7fc208021000-7fc20c000000 ---p 00000000 00:00 0 
7fc20c000000-7fc20c021000 rw-p 00000000 00:00 0 
7fc20c021000-7fc210000000 ---p 00000000 00:00 0 
7fc210000000-7fc210021000 rw-p 00000000 00:00 0 
7fc210021000-7fc214000000 ---p 00000000 00:00 0 
7fc214000000-7fc214280000 rw-p 00000000 00:00 0 
7fc214280000-7fc218000000 ---p 00000000 00:00 0 
7fc218000000-7fc218021000 rw-p 00000000 00:00 0 
7fc218021000-7fc21c000000 ---p 00000000 00:00 0 
7fc21c000000-7fc21c021000 rw-p 00000000 00:00 0 
7fc21c021000-7fc220000000 ---p 00000000 00:00 0 
7fc220000000-7fc220021000 rw-p 00000000 00:00 0 
7fc220021000-7fc224000000 ---p 00000000 00:00 0 
7fc2253c2000-7fc2253c5000 ---p 00000000 00:00 0 
7fc2253c5000-7fc2254c3000 rw-p 00000000 00:00 0 
7fc2254c3000-7fc2254c6000 ---p 00000000 00:00 0 
7fc2254c6000-7fc2255c4000 rw-p 00000000 00:00 0 
7fc2255c4000-7fc2255c7000 ---p 00000000 00:00 0 
7fc2255c7000-7fc2256c5000 rw-p 00000000 00:00 0 
7fc2256c5000-7fc2256c8000 ---p 00000000 00:00 0 
7fc2256c8000-7fc2257c6000 rw-p 00000000 00:00 0 
7fc2257c6000-7fc2257c9000 ---p 00000000 00:00 0 
7fc2257c9000-7fc2258c7000 rw-p 00000000 00:00 0 
7fc2258c7000-7fc2258d2000 r--s 00097000 08:05 2907894                    /home/priyanshu/AndroidStudioProjects/Ud Courses/firebase-1.00-starting-point/app/build/intermediates/exploded-aar/com.android.support/appcompat-v7/24.2.1/jars/classes.jar
7fc2258d2000-7fc2258d3000 ---p 00000000 00:00 0 
7fc2258d3000-7fc2259d3000 rw-p 00000000 00:00 0 
7fc2259d3000-7fc2259d6000 ---p 00000000 00:00 0 
7fc2259d6000-7fc225ad4000 rw-p 00000000 00:00 0 
7fc225ad4000-7fc225ad7000 ---p 00000000 00:00 0 
7fc225ad7000-7fc225bd5000 rw-p 00000000 00:00 0 
7fc225bd5000-7fc225bd8000 ---p 00000000 00:00 0 
7fc225bd8000-7fc225cd6000 rw-p 00000000 00:00 0 
7fc225cd6000-7fc225cd9000 ---p 00000000 00:00 0 
7fc225cd9000-7fc225dd7000 rw-p 00000000 00:00 0 
7fc225dd7000-7fc225dda000 ---p 00000000 00:00 0 
7fc225dda000-7fc225ed8000 rw-p 00000000 00:00 0 
7fc225ed8000-7fc2261b0000 r--p 00000000 08:05 296078                     /usr/lib/locale/locale-archive
7fc2261b0000-7fc2261b3000 ---p 00000000 00:00 0 
7fc2261b3000-7fc2262b1000 rw-p 00000000 00:00 0 
7fc2262b1000-7fc2262b4000 ---p 00000000 00:00 0 
7fc2262b4000-7fc2263b2000 rw-p 00000000 00:00 0 
7fc2263b2000-7fc2263b3000 ---p 00000000 00:00 0 
7fc2263b3000-7fc229000000 rw-p 00000000 00:00 0 
7fc229000000-7fc229740000 rwxp 00000000 00:00 0 
7fc229740000-7fc238000000 ---p 00000000 00:00 0 
7fc238000000-7fc23839b000 rw-p 00000000 00:00 0 
7fc23839b000-7fc23c000000 ---p 00000000 00:00 0 
7fc23c006000-7fc23c014000 r--s 000e0000 08:05 2002132                    /home/priyanshu/Android/Sdk/build-tools/24.0.1/lib/dx.jar
7fc23c014000-7fc23c487000 rw-p 00000000 00:00 0 
7fc23c487000-7fc23c657000 r--s 03c46000 08:05 3685237                    /home/priyanshu/AndroidStudio/AndroidStudio3.0/android-studio/jre/jre/lib/rt.jar
7fc23c657000-7fc23cd4d000 rw-p 00000000 00:00 0 
7fc23cd4d000-7fc23cecd000 ---p 00000000 00:00 0 
7fc23cecd000-7fc23d0cd000 rw-p 00000000 00:00 0 
7fc23d0cd000-7fc23d0ce000 ---p 00000000 00:00 0 
7fc23d0ce000-7fc23d1ce000 rw-p 00000000 00:00 0 
7fc23d1ce000-7fc23d1cf000 ---p 00000000 00:00 0 
7fc23d1cf000-7fc23d2cf000 rw-p 00000000 00:00 0 
7fc23d2cf000-7fc23d2d0000 ---p 00000000 00:00 0 
7fc23d2d0000-7fc23d3d0000 rw-p 00000000 00:00 0 
7fc23d3d0000-7fc23d3d1000 ---p 00000000 00:00 0 
7fc23d3d1000-7fc23d4fb000 rw-p 00000000 00:00 0 
7fc23d4fb000-7fc23d627000 ---p 00000000 00:00 0 
7fc23d627000-7fc23d651000 rw-p 00000000 00:00 0 
7fc23d651000-7fc23d77c000 ---p 00000000 00:00 0 
7fc23d77c000-7fc23d7c0000 rw-p 00000000 00:00 0 
7fc23d7c0000-7fc23d827000 ---p 00000000 00:00 0 
7fc23d827000-7fc23d845000 rw-p 00000000 00:00 0 
7fc23d845000-7fc23dbe8000 ---p 00000000 00:00 0 
7fc23dbe8000-7fc23dc02000 r-xp 00000000 08:05 3685289                    /home/priyanshu/AndroidStudio/AndroidStudio3.0/android-studio/jre/jre/lib/amd64/libzip.so
7fc23dc02000-7fc23de02000 ---p 0001a000 08:05 3685289                    /home/priyanshu/AndroidStudio/AndroidStudio3.0/android-studio/jre/jre/lib/amd64/libzip.so
7fc23de02000-7fc23de03000 r--p 0001a000 08:05 3685289                    /home/priyanshu/AndroidStudio/AndroidStudio3.0/android-studio/jre/jre/lib/amd64/libzip.so
7fc23de03000-7fc23de04000 rw-p 0001b000 08:05 3685289                    /home/priyanshu/AndroidStudio/AndroidStudio3.0/android-studio/jre/jre/lib/amd64/libzip.so
7fc23de04000-7fc23de0f000 r-xp 00000000 08:05 1311096                    /lib/x86_64-linux-gnu/libnss_files-2.23.so
7fc23de0f000-7fc23e00e000 ---p 0000b000 08:05 1311096                    /lib/x86_64-linux-gnu/libnss_files-2.23.so
7fc23e00e000-7fc23e00f000 r--p 0000a000 08:05 1311096                    /lib/x86_64-linux-gnu/libnss_files-2.23.so
7fc23e00f000-7fc23e010000 rw-p 0000b000 08:05 1311096                    /lib/x86_64-linux-gnu/libnss_files-2.23.so
7fc23e010000-7fc23e016000 rw-p 00000000 00:00 0 
7fc23e016000-7fc23e021000 r-xp 00000000 08:05 1311102                    /lib/x86_64-linux-gnu/libnss_nis-2.23.so
7fc23e021000-7fc23e220000 ---p 0000b000 08:05 1311102                    /lib/x86_64-linux-gnu/libnss_nis-2.23.so
7fc23e220000-7fc23e221000 r--p 0000a000 08:05 1311102                    /lib/x86_64-linux-gnu/libnss_nis-2.23.so
7fc23e221000-7fc23e222000 rw-p 0000b000 08:05 1311102                    /lib/x86_64-linux-gnu/libnss_nis-2.23.so
7fc23e222000-7fc23e238000 r-xp 00000000 08:05 1311042                    /lib/x86_64-linux-gnu/libnsl-2.23.so
7fc23e238000-7fc23e437000 ---p 00016000 08:05 1311042                    /lib/x86_64-linux-gnu/libnsl-2.23.so
7fc23e437000-7fc23e438000 r--p 00015000 08:05 1311042                    /lib/x86_64-linux-gnu/libnsl-2.23.so
7fc23e438000-7fc23e439000 rw-p 00016000 08:05 1311042                    /lib/x86_64-linux-gnu/libnsl-2.23.so
7fc23e439000-7fc23e43b000 rw-p 00000000 00:00 0 
7fc23e43b000-7fc23e443000 r-xp 00000000 08:05 1311109                    /lib/x86_64-linux-gnu/libnss_compat-2.23.so
7fc23e443000-7fc23e642000 ---p 00008000 08:05 1311109                    /lib/x86_64-linux-gnu/libnss_compat-2.23.so
7fc23e642000-7fc23e643000 r--p 00007000 08:05 1311109                    /lib/x86_64-linux-gnu/libnss_compat-2.23.so
7fc23e643000-7fc23e644000 rw-p 00008000 08:05 1311109                    /lib/x86_64-linux-gnu/libnss_compat-2.23.so
7fc23e644000-7fc23e671000 r-xp 00000000 08:05 3685271                    /home/priyanshu/AndroidStudio/AndroidStudio3.0/android-studio/jre/jre/lib/amd64/libjava.so
7fc23e671000-7fc23e870000 ---p 0002d000 08:05 3685271                    /home/priyanshu/AndroidStudio/AndroidStudio3.0/android-studio/jre/jre/lib/amd64/libjava.so
7fc23e870000-7fc23e871000 r--p 0002c000 08:05 3685271                    /home/priyanshu/AndroidStudio/AndroidStudio3.0/android-studio/jre/jre/lib/amd64/libjava.so
7fc23e871000-7fc23e873000 rw-p 0002d000 08:05 3685271                    /home/priyanshu/AndroidStudio/AndroidStudio3.0/android-studio/jre/jre/lib/amd64/libjava.so
7fc23e873000-7fc23e883000 r-xp 00000000 08:05 3685301                    /home/priyanshu/AndroidStudio/AndroidStudio3.0/android-studio/jre/jre/lib/amd64/libverify.so
7fc23e883000-7fc23ea82000 ---p 00010000 08:05 3685301                    /home/priyanshu/AndroidStudio/AndroidStudio3.0/android-studio/jre/jre/lib/amd64/libverify.so
7fc23ea82000-7fc23ea84000 r--p 0000f000 08:05 3685301                    /home/priyanshu/AndroidStudio/AndroidStudio3.0/android-studio/jre/jre/lib/amd64/libverify.so
7fc23ea84000-7fc23ea85000 rw-p 00011000 08:05 3685301                    /home/priyanshu/AndroidStudio/AndroidStudio3.0/android-studio/jre/jre/lib/amd64/libverify.so
7fc23ea85000-7fc23ea8c000 r-xp 00000000 08:05 1311105                    /lib/x86_64-linux-gnu/librt-2.23.so
7fc23ea8c000-7fc23ec8b000 ---p 00007000 08:05 1311105                    /lib/x86_64-linux-gnu/librt-2.23.so
7fc23ec8b000-7fc23ec8c000 r--p 00006000 08:05 1311105                    /lib/x86_64-linux-gnu/librt-2.23.so
7fc23ec8c000-7fc23ec8d000 rw-p 00007000 08:05 1311105                    /lib/x86_64-linux-gnu/librt-2.23.so
7fc23ec8d000-7fc23ed95000 r-xp 00000000 08:05 1311119                    /lib/x86_64-linux-gnu/libm-2.23.so
7fc23ed95000-7fc23ef94000 ---p 00108000 08:05 1311119                    /lib/x86_64-linux-gnu/libm-2.23.so
7fc23ef94000-7fc23ef95000 r--p 00107000 08:05 1311119                    /lib/x86_64-linux-gnu/libm-2.23.so
7fc23ef95000-7fc23ef96000 rw-p 00108000 08:05 1311119                    /lib/x86_64-linux-gnu/libm-2.23.so
7fc23ef96000-7fc23fb8e000 r-xp 00000000 08:05 3685288                    /home/priyanshu/AndroidStudio/AndroidStudio3.0/android-studio/jre/jre/lib/amd64/server/libjvm.so
7fc23fb8e000-7fc23fd8e000 ---p 00bf8000 08:05 3685288                    /home/priyanshu/AndroidStudio/AndroidStudio3.0/android-studio/jre/jre/lib/amd64/server/libjvm.so
7fc23fd8e000-7fc23fe2d000 r--p 00bf8000 08:05 3685288                    /home/priyanshu/AndroidStudio/AndroidStudio3.0/android-studio/jre/jre/lib/amd64/server/libjvm.so
7fc23fe2d000-7fc23fe56000 rw-p 00c97000 08:05 3685288                    /home/priyanshu/AndroidStudio/AndroidStudio3.0/android-studio/jre/jre/lib/amd64/server/libjvm.so
7fc23fe56000-7fc23fe9a000 rw-p 00000000 00:00 0 
7fc23fe9a000-7fc23feb2000 r-xp 00000000 08:05 1311101                    /lib/x86_64-linux-gnu/libpthread-2.23.so
7fc23feb2000-7fc2400b1000 ---p 00018000 08:05 1311101                    /lib/x86_64-linux-gnu/libpthread-2.23.so
7fc2400b1000-7fc2400b2000 r--p 00017000 08:05 1311101                    /lib/x86_64-linux-gnu/libpthread-2.23.so
7fc2400b2000-7fc2400b3000 rw-p 00018000 08:05 1311101                    /lib/x86_64-linux-gnu/libpthread-2.23.so
7fc2400b3000-7fc2400b7000 rw-p 00000000 00:00 0 
7fc2400b7000-7fc2400ba000 r-xp 00000000 08:05 1311108                    /lib/x86_64-linux-gnu/libdl-2.23.so
7fc2400ba000-7fc2402b9000 ---p 00003000 08:05 1311108                    /lib/x86_64-linux-gnu/libdl-2.23.so
7fc2402b9000-7fc2402ba000 r--p 00002000 08:05 1311108                    /lib/x86_64-linux-gnu/libdl-2.23.so
7fc2402ba000-7fc2402bb000 rw-p 00003000 08:05 1311108                    /lib/x86_64-linux-gnu/libdl-2.23.so
7fc2402bb000-7fc24047b000 r-xp 00000000 08:05 1311129                    /lib/x86_64-linux-gnu/libc-2.23.so
7fc24047b000-7fc24067b000 ---p 001c0000 08:05 1311129                    /lib/x86_64-linux-gnu/libc-2.23.so
7fc24067b000-7fc24067f000 r--p 001c0000 08:05 1311129                    /lib/x86_64-linux-gnu/libc-2.23.so
7fc24067f000-7fc240681000 rw-p 001c4000 08:05 1311129                    /lib/x86_64-linux-gnu/libc-2.23.so
7fc240681000-7fc240685000 rw-p 00000000 00:00 0 
7fc240685000-7fc24069b000 r-xp 00000000 08:05 3685204                    /home/priyanshu/AndroidStudio/AndroidStudio3.0/android-studio/jre/lib/amd64/jli/libjli.so
7fc24069b000-7fc24089a000 ---p 00016000 08:05 3685204                    /home/priyanshu/AndroidStudio/AndroidStudio3.0/android-studio/jre/lib/amd64/jli/libjli.so
7fc24089a000-7fc24089b000 r--p 00015000 08:05 3685204                    /home/priyanshu/AndroidStudio/AndroidStudio3.0/android-studio/jre/lib/amd64/jli/libjli.so
7fc24089b000-7fc24089c000 rw-p 00016000 08:05 3685204                    /home/priyanshu/AndroidStudio/AndroidStudio3.0/android-studio/jre/lib/amd64/jli/libjli.so
7fc24089c000-7fc2408c2000 r-xp 00000000 08:05 1311056                    /lib/x86_64-linux-gnu/ld-2.23.so
7fc2408cc000-7fc240991000 rw-p 00000000 00:00 0 
7fc240991000-7fc240994000 ---p 00000000 00:00 0 
7fc240994000-7fc240a97000 rw-p 00000000 00:00 0 
7fc240aa1000-7fc240ab5000 rw-p 00000000 00:00 0 
7fc240ab5000-7fc240abd000 rw-s 00000000 08:05 1840090                    /tmp/hsperfdata_priyanshu/14906
7fc240abd000-7fc240abe000 rw-p 00000000 00:00 0 
7fc240abe000-7fc240abf000 ---p 00000000 00:00 0 
7fc240abf000-7fc240ac1000 rw-p 00000000 00:00 0 
7fc240ac1000-7fc240ac2000 r--p 00025000 08:05 1311056                    /lib/x86_64-linux-gnu/ld-2.23.so
7fc240ac2000-7fc240ac3000 rw-p 00026000 08:05 1311056                    /lib/x86_64-linux-gnu/ld-2.23.so
7fc240ac3000-7fc240ac4000 rw-p 00000000 00:00 0 
7ffc1f376000-7ffc1f398000 rw-p 00000000 00:00 0                          [stack]
7ffc1f3c6000-7ffc1f3c9000 r--p 00000000 00:00 0                          [vvar]
7ffc1f3c9000-7ffc1f3cb000 r-xp 00000000 00:00 0                          [vdso]
ffffffffff600000-ffffffffff601000 r-xp 00000000 00:00 0                  [vsyscall]

VM Arguments:
jvm_args: -Djava.awt.headless=true -Xmx1024M -Dfile.encoding=UTF-8 -Duser.country=IN -Duser.language=en -Duser.variant 
java_command: com.android.dx.command.Main --dex --num-threads=4 --output /home/priyanshu/AndroidStudioProjects/Ud Courses/firebase-1.00-starting-point/app/build/intermediates/pre-dexed/debug/com.android.support-appcompat-v7-24.2.1_24aeaefa87645203ba5d536fbd22c6c32a976453.jar /home/priyanshu/AndroidStudioProjects/Ud Courses/firebase-1.00-starting-point/app/build/intermediates/exploded-aar/com.android.support/appcompat-v7/24.2.1/jars/classes.jar
java_class_path (initial): /home/priyanshu/Android/Sdk/build-tools/24.0.1/lib/dx.jar
Launcher Type: SUN_STANDARD

Environment Variables:
PATH=/home/priyanshu/bin:/home/priyanshu/.local/bin:/usr/local/sbin:/usr/local/bin:/usr/sbin:/usr/bin:/sbin:/bin:/usr/games:/usr/local/games:/snap/bin:/home/priyanshu/softwares/fzf-master/bin
LD_LIBRARY_PATH=.:
SHELL=/bin/bash
DISPLAY=:0

Signal Handlers:
SIGSEGV: [libjvm.so+0x9ebc60], sa_mask[0]=11111111011111111101111111111110, sa_flags=SA_RESTART|SA_SIGINFO
SIGBUS: [libjvm.so+0x9ebc60], sa_mask[0]=11111111011111111101111111111110, sa_flags=SA_RESTART|SA_SIGINFO
SIGFPE: [libjvm.so+0x84cf60], sa_mask[0]=11111111011111111101111111111110, sa_flags=SA_RESTART|SA_SIGINFO
SIGPIPE: [libjvm.so+0x84cf60], sa_mask[0]=11111111011111111101111111111110, sa_flags=SA_RESTART|SA_SIGINFO
SIGXFSZ: [libjvm.so+0x84cf60], sa_mask[0]=11111111011111111101111111111110, sa_flags=SA_RESTART|SA_SIGINFO
SIGILL: [libjvm.so+0x84cf60], sa_mask[0]=11111111011111111101111111111110, sa_flags=SA_RESTART|SA_SIGINFO
SIGUSR1: SIG_DFL, sa_mask[0]=00000000000000000000000000000000, sa_flags=none
SIGUSR2: [libjvm.so+0x84ce30], sa_mask[0]=00100000000000000000000000000000, sa_flags=SA_RESTART|SA_SIGINFO
SIGHUP: [libjvm.so+0x84d020], sa_mask[0]=11111111011111111101111111111110, sa_flags=SA_RESTART|SA_SIGINFO
SIGINT: [libjvm.so+0x84d020], sa_mask[0]=11111111011111111101111111111110, sa_flags=SA_RESTART|SA_SIGINFO
SIGTERM: [libjvm.so+0x84d020], sa_mask[0]=11111111011111111101111111111110, sa_flags=SA_RESTART|SA_SIGINFO
SIGQUIT: [libjvm.so+0x84d020], sa_mask[0]=11111111011111111101111111111110, sa_flags=SA_RESTART|SA_SIGINFO


---------------  S Y S T E M  ---------------

OS:DISTRIB_ID=Ubuntu
DISTRIB_RELEASE=16.04
DISTRIB_CODENAME=xenial
DISTRIB_DESCRIPTION="Ubuntu 16.04.3 LTS"

uname:Linux 4.14.0-041400-generic #201711122031 SMP Sun Nov 12 20:32:29 UTC 2017 x86_64
libc:glibc 2.23 NPTL 2.23 
rlimit: STACK 8192k, CORE 0k, NPROC 31073, NOFILE 1048576, AS infinity
load average:4.45 2.74 2.18

/proc/meminfo:
MemTotal:        8007192 kB
MemFree:          135828 kB
MemAvailable:      63652 kB
Buffers:            4156 kB
Cached:           801368 kB
SwapCached:            0 kB
Active:          6832152 kB
Inactive:         762452 kB
Active(anon):    6794276 kB
Inactive(anon):   740588 kB
Active(file):      37876 kB
Inactive(file):    21864 kB
Unevictable:          32 kB
Mlocked:              32 kB
SwapTotal:             0 kB
SwapFree:              0 kB
Dirty:              1456 kB
Writeback:             0 kB
AnonPages:       6789128 kB
Mapped:           262084 kB
Shmem:            745780 kB
Slab:             132192 kB
SReclaimable:      78288 kB
SUnreclaim:        53904 kB
KernelStack:       17456 kB
PageTables:        67212 kB
NFS_Unstable:          0 kB
Bounce:                0 kB
WritebackTmp:          0 kB
CommitLimit:     4003596 kB
Committed_AS:   15725496 kB
VmallocTotal:   34359738367 kB
VmallocUsed:           0 kB
VmallocChunk:          0 kB
HardwareCorrupted:     0 kB
AnonHugePages:      8192 kB
ShmemHugePages:        0 kB
ShmemPmdMapped:        0 kB
CmaTotal:              0 kB
CmaFree:               0 kB
HugePages_Total:       0
HugePages_Free:        0
HugePages_Rsvd:        0
HugePages_Surp:        0
Hugepagesize:       2048 kB
DirectMap4k:      157008 kB
DirectMap2M:     7018496 kB
DirectMap1G:     2097152 kB


CPU:total 4 (initial active 4) (2 cores per cpu, 2 threads per core) family 6 model 78 stepping 3, cmov, cx8, fxsr, mmx, sse, sse2, sse3, ssse3, sse4.1, sse4.2, popcnt, avx, avx2, aes, clmul, erms, 3dnowpref, lzcnt, ht, tsc, tscinvbit, bmi1, bmi2, adx

/proc/cpuinfo:
processor	: 0
vendor_id	: GenuineIntel
cpu family	: 6
model		: 78
model name	: Intel(R) Core(TM) i7-6500U CPU @ 2.50GHz
stepping	: 3
microcode	: 0x33
cpu MHz		: 2600.000
cache size	: 4096 KB
physical id	: 0
siblings	: 4
core id		: 0
cpu cores	: 2
apicid		: 0
initial apicid	: 0
fpu		: yes
fpu_exception	: yes
cpuid level	: 22
wp		: yes
flags		: fpu vme de pse tsc msr pae mce cx8 apic sep mtrr pge mca cmov pat pse36 clflush dts acpi mmx fxsr sse sse2 ss ht tm pbe syscall nx pdpe1gb rdtscp lm constant_tsc art arch_perfmon pebs bts rep_good nopl xtopology nonstop_tsc cpuid aperfmperf tsc_known_freq pni pclmulqdq dtes64 monitor ds_cpl vmx est tm2 ssse3 sdbg fma cx16 xtpr pdcm pcid sse4_1 sse4_2 x2apic movbe popcnt aes xsave avx f16c rdrand lahf_lm abm 3dnowprefetch cpuid_fault epb intel_pt tpr_shadow vnmi flexpriority ept vpid fsgsbase tsc_adjust bmi1 avx2 smep bmi2 erms invpcid mpx rdseed adx smap clflushopt xsaveopt xsavec xgetbv1 xsaves dtherm ida arat pln pts hwp hwp_notify hwp_act_window hwp_epp
bugs		:
bogomips	: 5184.00
clflush size	: 64
cache_alignment	: 64
address sizes	: 39 bits physical, 48 bits virtual
power management:

processor	: 1
vendor_id	: GenuineIntel
cpu family	: 6
model		: 78
model name	: Intel(R) Core(TM) i7-6500U CPU @ 2.50GHz
stepping	: 3
microcode	: 0x33
cpu MHz		: 2600.000
cache size	: 4096 KB
physical id	: 0
siblings	: 4
core id		: 1
cpu cores	: 2
apicid		: 2
initial apicid	: 2
fpu		: yes
fpu_exception	: yes
cpuid level	: 22
wp		: yes
flags		: fpu vme de pse tsc msr pae mce cx8 apic sep mtrr pge mca cmov pat pse36 clflush dts acpi mmx fxsr sse sse2 ss ht tm pbe syscall nx pdpe1gb rdtscp lm constant_tsc art arch_perfmon pebs bts rep_good nopl xtopology nonstop_tsc cpuid aperfmperf tsc_known_freq pni pclmulqdq dtes64 monitor ds_cpl vmx est tm2 ssse3 sdbg fma cx16 xtpr pdcm pcid sse4_1 sse4_2 x2apic movbe popcnt aes xsave avx f16c rdrand lahf_lm abm 3dnowprefetch cpuid_fault epb intel_pt tpr_shadow vnmi flexpriority ept vpid fsgsbase tsc_adjust bmi1 avx2 smep bmi2 erms invpcid mpx rdseed adx smap clflushopt xsaveopt xsavec xgetbv1 xsaves dtherm ida arat pln pts hwp hwp_notify hwp_act_window hwp_epp
bugs		:
bogomips	: 5184.00
clflush size	: 64
cache_alignment	: 64
address sizes	: 39 bits physical, 48 bits virtual
power management:

processor	: 2
vendor_id	: GenuineIntel
cpu family	: 6
model		: 78
model name	: Intel(R) Core(TM) i7-6500U CPU @ 2.50GHz
stepping	: 3
microcode	: 0x33
cpu MHz		: 2600.000
cache size	: 4096 KB
physical id	: 0
siblings	: 4
core id		: 0
cpu cores	: 2
apicid		: 1
initial apicid	: 1
fpu		: yes
fpu_exception	: yes
cpuid level	: 22
wp		: yes
flags		: fpu vme de pse tsc msr pae mce cx8 apic sep mtrr pge mca cmov pat pse36 clflush dts acpi mmx fxsr sse sse2 ss ht tm pbe syscall nx pdpe1gb rdtscp lm constant_tsc art arch_perfmon pebs bts rep_good nopl xtopology nonstop_tsc cpuid aperfmperf tsc_known_freq pni pclmulqdq dtes64 monitor ds_cpl vmx est tm2 ssse3 sdbg fma cx16 xtpr pdcm pcid sse4_1 sse4_2 x2apic movbe popcnt aes xsave avx f16c rdrand lahf_lm abm 3dnowprefetch cpuid_fault epb intel_pt tpr_shadow vnmi flexpriority ept vpid fsgsbase tsc_adjust bmi1 avx2 smep bmi2 erms invpcid mpx rdseed adx smap clflushopt xsaveopt xsavec xgetbv1 xsaves dtherm ida arat pln pts hwp hwp_notify hwp_act_window hwp_epp
bugs		:
bogomips	: 5184.00
clflush size	: 64
cache_alignment	: 64
address sizes	: 39 bits physical, 48 bits virtual
power management:

processor	: 3
vendor_id	: GenuineIntel
cpu family	: 6
model		: 78
model name	: Intel(R) Core(TM) i7-6500U CPU @ 2.50GHz
stepping	: 3
microcode	: 0x33
cpu MHz		: 2600.000
cache size	: 4096 KB
physical id	: 0
siblings	: 4
core id		: 1
cpu cores	: 2
apicid		: 3
initial apicid	: 3
fpu		: yes
fpu_exception	: yes
cpuid level	: 22
wp		: yes
flags		: fpu vme de pse tsc msr pae mce cx8 apic sep mtrr pge mca cmov pat pse36 clflush dts acpi mmx fxsr sse sse2 ss ht tm pbe syscall nx pdpe1gb rdtscp lm constant_tsc art arch_perfmon pebs bts rep_good nopl xtopology nonstop_tsc cpuid aperfmperf tsc_known_freq pni pclmulqdq dtes64 monitor ds_cpl vmx est tm2 ssse3 sdbg fma cx16 xtpr pdcm pcid sse4_1 sse4_2 x2apic movbe popcnt aes xsave avx f16c rdrand lahf_lm abm 3dnowprefetch cpuid_fault epb intel_pt tpr_shadow vnmi flexpriority ept vpid fsgsbase tsc_adjust bmi1 avx2 smep bmi2 erms invpcid mpx rdseed adx smap clflushopt xsaveopt xsavec xgetbv1 xsaves dtherm ida arat pln pts hwp hwp_notify hwp_act_window hwp_epp
bugs		:
bogomips	: 5184.00
clflush size	: 64
cache_alignment	: 64
address sizes	: 39 bits physical, 48 bits virtual
power management:



Memory: 4k page, physical 8007192k(135828k free), swap 0k(0k free)

vm_info: OpenJDK 64-Bit Server VM (25.152-b01) for linux-amd64 JRE (1.8.0_152-release-915-b01), built by "builder" with gcc 4.8.4

time: Sat Nov 18 15:02:19 2017
elapsed time: 6 seconds (0d 0h 0m 6s)

